# JRE version: Java(TM) SE Runtime Environment (8.0_92-b14) (build 1.8.0_92-b14)
# Java VM: Java HotSpot(TM) 64-Bit Server VM (25.92-b14 mixed mode windows-amd64 compressed oops)
Heap:
 PSYoungGen      total 96256K, used 59954K [0x00000000eab00000, 0x00000000f4380000, 0x0000000100000000)
  eden space 66560K, 45% used [0x00000000eab00000,0x00000000ec88dbf0,0x00000000eec00000)
  from space 29696K, 99% used [0x00000000eec00000,0x00000000f08fed90,0x00000000f0900000)
  to   space 39424K, 0% used [0x00000000f1d00000,0x00000000f1d00000,0x00000000f4380000)
 ParOldGen       total 77312K, used 55444K [0x00000000c0000000, 0x00000000c4b80000, 0x00000000eab00000)
  object space 77312K, 71% used [0x00000000c0000000,0x00000000c36250e0,0x00000000c4b80000)
 Metaspace       used 6245K, capacity 7280K, committed 7552K, reserved 1056768K
  class space    used 603K, capacity 616K, committed 640K, reserved 1048576K
GC Heap History (10 events):
Event: 3.637 GC heap before
{Heap before GC invocations=4 (full 0):
 PSYoungGen      total 35328K, used 35312K [0x00000000eab00000, 0x00000000ef000000, 0x0000000100000000)
  eden space 32768K, 100% used [0x00000000eab00000,0x00000000ecb00000,0x00000000ecb00000)
  from space 2560K, 99% used [0x00000000ecb00000,0x00000000ecd7c378,0x00000000ecd80000)
  to   space 2560K, 0% used [0x00000000eed80000,0x00000000eed80000,0x00000000ef000000)
 ParOldGen       total 44032K, used 13528K [0x00000000c0000000, 0x00000000c2b00000, 0x00000000eab00000)
  object space 44032K, 30% used [0x00000000c0000000,0x00000000c0d360f0,0x00000000c2b00000)
 Metaspace       used 5874K, capacity 6960K, committed 7040K, reserved 1056768K
  class space    used 583K, capacity 616K, committed 640K, reserved 1048576K
Event: 3.857 GC heap after
Heap after GC invocations=4 (full 0):
 PSYoungGen      total 68096K, used 2559K [0x00000000eab00000, 0x00000000ef000000, 0x0000000100000000)
  eden space 65536K, 0% used [0x00000000eab00000,0x00000000eab00000,0x00000000eeb00000)
  from space 2560K, 99% used [0x00000000eed80000,0x00000000eefffd88,0x00000000ef000000)
  to   space 2560K, 0% used [0x00000000eeb00000,0x00000000eeb00000,0x00000000eed80000)
 ParOldGen       total 44032K, used 29815K [0x00000000c0000000, 0x00000000c2b00000, 0x00000000eab00000)
  object space 44032K, 67% used [0x00000000c0000000,0x00000000c1d1dca0,0x00000000c2b00000)
 Metaspace       used 5874K, capacity 6960K, committed 7040K, reserved 1056768K
  class space    used 583K, capacity 616K, committed 640K, reserved 1048576K
}
Event: 3.857 GC heap before
{Heap before GC invocations=5 (full 1):
 PSYoungGen      total 68096K, used 2559K [0x00000000eab00000, 0x00000000ef000000, 0x0000000100000000)
  eden space 65536K, 0% used [0x00000000eab00000,0x00000000eab00000,0x00000000eeb00000)
  from space 2560K, 99% used [0x00000000eed80000,0x00000000eefffd88,0x00000000ef000000)
  to   space 2560K, 0% used [0x00000000eeb00000,0x00000000eeb00000,0x00000000eed80000)
 ParOldGen       total 44032K, used 29815K [0x00000000c0000000, 0x00000000c2b00000, 0x00000000eab00000)
  object space 44032K, 67% used [0x00000000c0000000,0x00000000c1d1dca0,0x00000000c2b00000)
 Metaspace       used 5874K, capacity 6960K, committed 7040K, reserved 1056768K
  class space    used 583K, capacity 616K, committed 640K, reserved 1048576K
Event: 7.081 GC heap after
Heap after GC invocations=5 (full 1):
 PSYoungGen      total 68096K, used 0K [0x00000000eab00000, 0x00000000ef000000, 0x0000000100000000)
  eden space 65536K, 0% used [0x00000000eab00000,0x00000000eab00000,0x00000000eeb00000)
  from space 2560K, 0% used [0x00000000eed80000,0x00000000eed80000,0x00000000ef000000)
  to   space 2560K, 0% used [0x00000000eeb00000,0x00000000eeb00000,0x00000000eed80000)
 ParOldGen       total 77312K, used 28830K [0x00000000c0000000, 0x00000000c4b80000, 0x00000000eab00000)
  object space 77312K, 37% used [0x00000000c0000000,0x00000000c1c27b70,0x00000000c4b80000)
 Metaspace       used 5874K, capacity 6960K, committed 7040K, reserved 1056768K
  class space    used 583K, capacity 616K, committed 640K, reserved 1048576K
}
Event: 9.505 GC heap before
{Heap before GC invocations=6 (full 1):
 PSYoungGen      total 68096K, used 65536K [0x00000000eab00000, 0x00000000ef000000, 0x0000000100000000)
  eden space 65536K, 100% used [0x00000000eab00000,0x00000000eeb00000,0x00000000eeb00000)
  from space 2560K, 0% used [0x00000000eed80000,0x00000000eed80000,0x00000000ef000000)
  to   space 2560K, 0% used [0x00000000eeb00000,0x00000000eeb00000,0x00000000eed80000)
 ParOldGen       total 77312K, used 28830K [0x00000000c0000000, 0x00000000c4b80000, 0x00000000eab00000)
  object space 77312K, 37% used [0x00000000c0000000,0x00000000c1c27b70,0x00000000c4b80000)
 Metaspace       used 5898K, capacity 6960K, committed 7040K, reserved 1056768K
  class space    used 583K, capacity 616K, committed 640K, reserved 1048576K
Event: 9.541 GC heap after
Heap after GC invocations=6 (full 1):
 PSYoungGen      total 68096K, used 2546K [0x00000000eab00000, 0x00000000f1d80000, 0x0000000100000000)
  eden space 65536K, 0% used [0x00000000eab00000,0x00000000eab00000,0x00000000eeb00000)
  from space 2560K, 99% used [0x00000000eeb00000,0x00000000eed7ca80,0x00000000eed80000)
  to   space 20992K, 0% used [0x00000000f0900000,0x00000000f0900000,0x00000000f1d80000)
 ParOldGen       total 77312K, used 39714K [0x00000000c0000000, 0x00000000c4b80000, 0x00000000eab00000)
  object space 77312K, 51% used [0x00000000c0000000,0x00000000c26c88b8,0x00000000c4b80000)
 Metaspace       used 5898K, capacity 6960K, committed 7040K, reserved 1056768K
  class space    used 583K, capacity 616K, committed 640K, reserved 1048576K
}
Event: 11.918 GC heap before
{Heap before GC invocations=7 (full 1):
 PSYoungGen      total 68096K, used 68082K [0x00000000eab00000, 0x00000000f1d80000, 0x0000000100000000)
  eden space 65536K, 100% used [0x00000000eab00000,0x00000000eeb00000,0x00000000eeb00000)
  from space 2560K, 99% used [0x00000000eeb00000,0x00000000eed7ca80,0x00000000eed80000)
  to   space 20992K, 0% used [0x00000000f0900000,0x00000000f0900000,0x00000000f1d80000)
 ParOldGen       total 77312K, used 39714K [0x00000000c0000000, 0x00000000c4b80000, 0x00000000eab00000)
  object space 77312K, 51% used [0x00000000c0000000,0x00000000c26c88b8,0x00000000c4b80000)
 Metaspace       used 5977K, capacity 7024K, committed 7296K, reserved 1056768K
  class space    used 585K, capacity 616K, committed 640K, reserved 1048576K
Event: 12.027 GC heap after
Heap after GC invocations=7 (full 1):
 PSYoungGen      total 87552K, used 20983K [0x00000000eab00000, 0x00000000f2e00000, 0x0000000100000000)
  eden space 66560K, 0% used [0x00000000eab00000,0x00000000eab00000,0x00000000eec00000)
  from space 20992K, 99% used [0x00000000f0900000,0x00000000f1d7dc38,0x00000000f1d80000)
  to   space 29696K, 0% used [0x00000000eec00000,0x00000000eec00000,0x00000000f0900000)
 ParOldGen       total 77312K, used 48168K [0x00000000c0000000, 0x00000000c4b80000, 0x00000000eab00000)
  object space 77312K, 62% used [0x00000000c0000000,0x00000000c2f0a1f0,0x00000000c4b80000)
 Metaspace       used 5977K, capacity 7024K, committed 7296K, reserved 1056768K
  class space    used 585K, capacity 616K, committed 640K, reserved 1048576K
}
Event: 14.149 GC heap before
{Heap before GC invocations=8 (full 1):
 PSYoungGen      total 87552K, used 87543K [0x00000000eab00000, 0x00000000f2e00000, 0x0000000100000000)
  eden space 66560K, 100% used [0x00000000eab00000,0x00000000eec00000,0x00000000eec00000)
  from space 20992K, 99% used [0x00000000f0900000,0x00000000f1d7dc38,0x00000000f1d80000)
  to   space 29696K, 0% used [0x00000000eec00000,0x00000000eec00000,0x00000000f0900000)
 ParOldGen       total 77312K, used 48168K [0x00000000c0000000, 0x00000000c4b80000, 0x00000000eab00000)
  object space 77312K, 62% used [0x00000000c0000000,0x00000000c2f0a1f0,0x00000000c4b80000)
 Metaspace       used 6006K, capacity 7088K, committed 7296K, reserved 1056768K
  class space    used 587K, capacity 616K, committed 640K, reserved 1048576K
Event: 14.494 GC heap after
Heap after GC invocations=8 (full 1):
 PSYoungGen      total 96256K, used 29691K [0x00000000eab00000, 0x00000000f4380000, 0x0000000100000000)
  eden space 66560K, 0% used [0x00000000eab00000,0x00000000eab00000,0x00000000eec00000)
  from space 29696K, 99% used [0x00000000eec00000,0x00000000f08fed90,0x00000000f0900000)
  to   space 39424K, 0% used [0x00000000f1d00000,0x00000000f1d00000,0x00000000f4380000)
 ParOldGen       total 77312K, used 55444K [0x00000000c0000000, 0x00000000c4b80000, 0x00000000eab00000)
  object space 77312K, 71% used [0x00000000c0000000,0x00000000c36250e0,0x00000000c4b80000)
 Metaspace       used 6006K, capacity 7088K, committed 7296K, reserved 1056768K
  class space    used 587K, capacity 616K, committed 640K, reserved 1048576K
}

